<?xml version="1.0" encoding="UTF-8"?>
<testsuite xmlns:xsi="http://www.w3.org/2001/XMLSchema-instance" xsi:noNamespaceSchemaLocation="https://maven.apache.org/surefire/maven-surefire-plugin/xsd/surefire-test-report-3.0.xsd" version="3.0" name="TestSuite" time="10.356" tests="9" errors="0" skipped="0" failures="0">
  <properties>
[...]
</properties>
  <testcase name="runScenario[&quot;Unsuccessful login with invalid username and invalid password&quot;, &quot;Login test&quot;](1)" classname="runner.Runner$TestRunner" time="7.729">
    <system-err><![CDATA[SLF4J(W): No SLF4J providers were found.
SLF4J(W): Defaulting to no-operation (NOP) logger implementation
SLF4J(W): See https://www.slf4j.org/codes.html#noProviders for further details.
]]></system-err>
  </testcase>
  <testcase name="runScenario[&quot;Unsuccessful login with valid username and blank password&quot;, &quot;Login test&quot;](2)" classname="runner.Runner$TestRunner" time="7.778"/>
  <testcase name="runScenario[&quot;Unsuccessful login with blank username and blank password&quot;, &quot;Login test&quot;](3)" classname="runner.Runner$TestRunner" time="7.878"/>
  <testcase name="runScenario[&quot;Unsuccessful login with blank username and valid password&quot;, &quot;Login test&quot;](4)" classname="runner.Runner$TestRunner" time="8.016">
    <system-out><![CDATA[Log out button present = true
]]></system-out>
  </testcase>
  <testcase name="runScenario[&quot;Unsuccessful login with blank username and invalid password&quot;, &quot;Login test&quot;](5)" classname="runner.Runner$TestRunner" time="8.121"/>
  <testcase name="runScenario[&quot;Unsuccessful login with invalid username and blank password&quot;, &quot;Login test&quot;](6)" classname="runner.Runner$TestRunner" time="8.205"/>
  <testcase name="runScenario[&quot;Unsuccessful login with invalid username and valid password&quot;, &quot;Login test&quot;](7)" classname="runner.Runner$TestRunner" time="8.302"/>
  <testcase name="runScenario[&quot;Unsuccessful login with valid username and invalid password&quot;, &quot;Login test&quot;](8)" classname="runner.Runner$TestRunner" time="8.411"/>
  <testcase name="runScenario[&quot;Successful login with valid username and valid password&quot;, &quot;Login test&quot;](9)" classname="runner.Runner$TestRunner" time="8.497"/>
</testsuite>