<?xml version="1.0" encoding="UTF-8"?>
<testng-results ignored="0" total="9" passed="9" failed="0" skipped="0">
  <reporter-output>
  </reporter-output>
  <suite started-at="2025-11-20T16:18:47 EST" name="Suite" finished-at="2025-11-20T16:18:57 EST" duration-ms="9479">
    <groups>
      <group name="cucumber">
        <method signature="AbstractTestNGCucumberTests.runScenario(io.cucumber.testng.PickleWrapper,io.cucumber.testng.FeatureWrapper)[pri:0, instance:runner.Runner$TestRunner@2473d930]" name="runScenario" class="io.cucumber.testng.AbstractTestNGCucumberTests"/>
      </group> <!-- cucumber -->
    </groups>
    <test started-at="2025-11-20T16:18:47 EST" name="Test" finished-at="2025-11-20T16:18:57 EST" duration-ms="9479">
      <class name="runner.Runner$TestRunner">
        <test-method is-config="true" signature="setUpClass(org.testng.ITestContext)[pri:0, instance:runner.Runner$TestRunner@2473d930]" started-at="2025-11-20T16:18:47 EST" name="setUpClass" finished-at="2025-11-20T16:18:48 EST" duration-ms="709" status="PASS">
          <params>
            <param index="0">
              <value>
                <![CDATA[org.testng.TestRunner@698122b2]]>
              </value>
            </param>
          </params>
          <reporter-output>
          </reporter-output>
        </test-method> <!-- setUpClass -->
        <test-method signature="runScenario(io.cucumber.testng.PickleWrapper,io.cucumber.testng.FeatureWrapper)[pri:0, instance:runner.Runner$TestRunner@2473d930]" started-at="2025-11-20T16:18:48 EST" name="runScenario" description="Runs Cucumber Scenarios" data-provider="scenarios" finished-at="2025-11-20T16:18:56 EST" duration-ms="7741" status="PASS">
          <params>
            <param index="0">
              <value>
                <![CDATA["Unsuccessful login with invalid username and invalid password"]]>
              </value>
            </param>
            <param index="1">
              <value>
                <![CDATA["Login test"]]>
              </value>
            </param>
          </params>
          <reporter-output>
          </reporter-output>
        </test-method> <!-- runScenario -->
        <test-method signature="runScenario(io.cucumber.testng.PickleWrapper,io.cucumber.testng.FeatureWrapper)[pri:0, instance:runner.Runner$TestRunner@2473d930]" started-at="2025-11-20T16:18:48 EST" name="runScenario" description="Runs Cucumber Scenarios" data-provider="scenarios" finished-at="2025-11-20T16:18:56 EST" duration-ms="8224" status="PASS">
          <params>
            <param index="0">
              <value>
                <![CDATA["Unsuccessful login with invalid username and blank password"]]>
              </value>
            </param>
            <param index="1">
              <value>
                <![CDATA["Login test"]]>
              </value>
            </param>
          </params>
          <reporter-output>
          </reporter-output>
        </test-method> <!-- runScenario -->
        <test-method signature="runScenario(io.cucumber.testng.PickleWrapper,io.cucumber.testng.FeatureWrapper)[pri:0, instance:runner.Runner$TestRunner@2473d930]" started-at="2025-11-20T16:18:48 EST" name="runScenario" description="Runs Cucumber Scenarios" data-provider="scenarios" finished-at="2025-11-20T16:18:57 EST" duration-ms="8430" status="PASS">
          <params>
            <param index="0">
              <value>
                <![CDATA["Unsuccessful login with valid username and invalid password"]]>
              </value>
            </param>
            <param index="1">
              <value>
                <![CDATA["Login test"]]>
              </value>
            </param>
          </params>
          <reporter-output>
          </reporter-output>
        </test-method> <!-- runScenario -->
        <test-method signature="runScenario(io.cucumber.testng.PickleWrapper,io.cucumber.testng.FeatureWrapper)[pri:0, instance:runner.Runner$TestRunner@2473d930]" started-at="2025-11-20T16:18:48 EST" name="runScenario" description="Runs Cucumber Scenarios" data-provider="scenarios" finished-at="2025-11-20T16:18:56 EST" duration-ms="7894" status="PASS">
          <params>
            <param index="0">
              <value>
                <![CDATA["Unsuccessful login with blank username and blank password"]]>
              </value>
            </param>
            <param index="1">
              <value>
                <![CDATA["Login test"]]>
              </value>
            </param>
          </params>
          <reporter-output>
          </reporter-output>
        </test-method> <!-- runScenario -->
        <test-method signature="runScenario(io.cucumber.testng.PickleWrapper,io.cucumber.testng.FeatureWrapper)[pri:0, instance:runner.Runner$TestRunner@2473d930]" started-at="2025-11-20T16:18:48 EST" name="runScenario" description="Runs Cucumber Scenarios" data-provider="scenarios" finished-at="2025-11-20T16:18:56 EST" duration-ms="7795" status="PASS">
          <params>
            <param index="0">
              <value>
                <![CDATA["Unsuccessful login with valid username and blank password"]]>
              </value>
            </param>
            <param index="1">
              <value>
                <![CDATA["Login test"]]>
              </value>
            </param>
          </params>
          <reporter-output>
          </reporter-output>
        </test-method> <!-- runScenario -->
        <test-method signature="runScenario(io.cucumber.testng.PickleWrapper,io.cucumber.testng.FeatureWrapper)[pri:0, instance:runner.Runner$TestRunner@2473d930]" started-at="2025-11-20T16:18:48 EST" name="runScenario" description="Runs Cucumber Scenarios" data-provider="scenarios" finished-at="2025-11-20T16:18:57 EST" duration-ms="8320" status="PASS">
          <params>
            <param index="0">
              <value>
                <![CDATA["Unsuccessful login with invalid username and valid password"]]>
              </value>
            </param>
            <param index="1">
              <value>
                <![CDATA["Login test"]]>
              </value>
            </param>
          </params>
          <reporter-output>
          </reporter-output>
        </test-method> <!-- runScenario -->
        <test-method signature="runScenario(io.cucumber.testng.PickleWrapper,io.cucumber.testng.FeatureWrapper)[pri:0, instance:runner.Runner$TestRunner@2473d930]" started-at="2025-11-20T16:18:48 EST" name="runScenario" description="Runs Cucumber Scenarios" data-provider="scenarios" finished-at="2025-11-20T16:18:57 EST" duration-ms="8516" status="PASS">
          <params>
            <param index="0">
              <value>
                <![CDATA["Successful login with valid username and valid password"]]>
              </value>
            </param>
            <param index="1">
              <value>
                <![CDATA["Login test"]]>
              </value>
            </param>
          </params>
          <reporter-output>
          </reporter-output>
        </test-method> <!-- runScenario -->
        <test-method signature="runScenario(io.cucumber.testng.PickleWrapper,io.cucumber.testng.FeatureWrapper)[pri:0, instance:runner.Runner$TestRunner@2473d930]" started-at="2025-11-20T16:18:48 EST" name="runScenario" description="Runs Cucumber Scenarios" data-provider="scenarios" finished-at="2025-11-20T16:18:56 EST" duration-ms="8139" status="PASS">
          <params>
            <param index="0">
              <value>
                <![CDATA["Unsuccessful login with blank username and invalid password"]]>
              </value>
            </param>
            <param index="1">
              <value>
                <![CDATA["Login test"]]>
              </value>
            </param>
          </params>
          <reporter-output>
          </reporter-output>
        </test-method> <!-- runScenario -->
        <test-method signature="runScenario(io.cucumber.testng.PickleWrapper,io.cucumber.testng.FeatureWrapper)[pri:0, instance:runner.Runner$TestRunner@2473d930]" started-at="2025-11-20T16:18:48 EST" name="runScenario" description="Runs Cucumber Scenarios" data-provider="scenarios" finished-at="2025-11-20T16:18:56 EST" duration-ms="8033" status="PASS">
          <params>
            <param index="0">
              <value>
                <![CDATA["Unsuccessful login with blank username and valid password"]]>
              </value>
            </param>
            <param index="1">
              <value>
                <![CDATA["Login test"]]>
              </value>
            </param>
          </params>
          <reporter-output>
          </reporter-output>
        </test-method> <!-- runScenario -->
        <test-method is-config="true" signature="tearDownClass()[pri:0, instance:runner.Runner$TestRunner@2473d930]" started-at="2025-11-20T16:18:57 EST" name="tearDownClass" finished-at="2025-11-20T16:18:57 EST" duration-ms="182" status="PASS">
          <reporter-output>
          </reporter-output>
        </test-method> <!-- tearDownClass -->
      </class> <!-- runner.Runner$TestRunner -->
    </test> <!-- Test -->
  </suite> <!-- Suite -->
</testng-results>
