<?xml version="1.0" encoding="UTF-8"?>
<!-- Generated by org.testng.reporters.JUnitReportReporter -->
<testsuite hostname="Zilan" failures="0" tests="9" name="runner.Runner$TestRunner" time="74.817" errors="0" timestamp="2025-11-20T16:03:21 EST" skipped="0">
  <testcase classname="runner.Runner$TestRunner" name="runScenario" time="7.935"/>
  <testcase classname="runner.Runner$TestRunner" name="runScenario" time="8.426"/>
  <testcase classname="runner.Runner$TestRunner" name="runScenario" time="8.262"/>
  <testcase classname="runner.Runner$TestRunner" name="runScenario" time="8.384"/>
  <testcase classname="runner.Runner$TestRunner" name="runScenario" time="8.718"/>
  <testcase classname="runner.Runner$TestRunner" name="runScenario" time="8.520"/>
  <testcase classname="runner.Runner$TestRunner" name="runScenario" time="7.934"/>
  <testcase classname="runner.Runner$TestRunner" name="runScenario" time="8.024"/>
  <testcase classname="runner.Runner$TestRunner" name="runScenario" time="8.614"/>
</testsuite> <!-- runner.Runner$TestRunner -->
