<?xml version="1.0" encoding="UTF-8"?>
<!-- Generated by org.testng.reporters.JUnitReportReporter -->
<testsuite hostname="Zilan" failures="0" tests="9" name="runner.Runner$TestRunner" time="73.092" errors="0" timestamp="2025-11-20T16:18:57 EST" skipped="0">
  <testcase classname="runner.Runner$TestRunner" name="runScenario" time="8.139"/>
  <testcase classname="runner.Runner$TestRunner" name="runScenario" time="7.741"/>
  <testcase classname="runner.Runner$TestRunner" name="runScenario" time="8.224"/>
  <testcase classname="runner.Runner$TestRunner" name="runScenario" time="8.430"/>
  <testcase classname="runner.Runner$TestRunner" name="runScenario" time="7.894"/>
  <testcase classname="runner.Runner$TestRunner" name="runScenario" time="8.033"/>
  <testcase classname="runner.Runner$TestRunner" name="runScenario" time="7.795"/>
  <testcase classname="runner.Runner$TestRunner" name="runScenario" time="8.320"/>
  <testcase classname="runner.Runner$TestRunner" name="runScenario" time="8.516"/>
</testsuite> <!-- runner.Runner$TestRunner -->
